app/proguard-rules.pro
# Add project specific ProGuard rules here.
# You can control the set of applied configuration files using the
# proguardFiles setting in build.gradle.
#
# For more details, see
#   http://developer.android.com/guide/developing/tools/proguard.html

# If your project uses WebView with JS, uncomment the following
# and specify the fully qualified class name to the JavaScript interface
# class:
#-keepclassmembers class fqcn.of.javascript.interface.for.webview {
#   public *;
#}

# Uncomment this to preserve the line number information for
# debugging stack traces.
#-keepattributes SourceFile,LineNumberTable

# If you keep the line number information, uncomment this to
# hide the original source file name.
#-renamesourcefileattribute SourceFile

#### Retrofit 20180201
# Retain generic type information for use by reflection by converters and adapters.
-keepattributes Signature
# Retain service method parameters.
-keepclassmembernames,allowobfuscation interface * {
    @retrofit2.http.* <methods>;
}
# Ignore annotation used for build tooling.
-dontwarn org.codehaus.mojo.animal_sniffer.IgnoreJRERequirement
#### okhttp3
-dontwarn okhttp3.**
-dontwarn okio.**
-dontwarn javax.annotation.**
# A resource is loaded with a relative path so the package of this class must be preserved.
-keepnames class okhttp3.internal.publicsuffix.PublicSuffixDatabase
#### glide
-keep public class * implements com.bumptech.glide.module.GlideModule
-keep public class * extends com.bumptech.glide.module.AppGlideModule
-keep public enum com.bumptech.glide.load.resource.bitmap.ImageHeaderParser$** {
  **[] $VALUES;
  public *;
}

# for DexGuard only
#-keepresourcexmlelements manifest/application/meta-data@value=GlideModule
#### android util
-keep class com.blankj.utilcode.** { *; }
-keepclassmembers class com.blankj.utilcode.** { *; }
-dontwarn com.blankj.utilcode.**

## 友盟统计
-keep class com.umeng.commonsdk.** {*;}


# If you keep the line number information, uncomment this to
# hide the original source file name.
#-renamesourcefileattribute SourceFile

-optimizationpasses 5
-dontusemixedcaseclassnames
-dontskipnonpubliclibraryclasses
-dontskipnonpubliclibraryclassmembers
-dontpreverify
-verbose
-printmapping proguardMapping.txt
-optimizations !code/simplification/cast,!field/*,!class/merging/*
-keepattributes *Annotation*,InnerClasses
-keepattributes Signature
-keepattributes SourceFile,LineNumberTable


-keep public class * extends android.app.Activity
-keep public class * extends android.app.Application
-keep public class * extends android.app.Service
-keep public class * extends android.content.BroadcastReceiver
-keep public class * extends android.content.ContentProvider
-keep public class * extends android.app.backup.BackupAgentHelper
-keep public class * extends android.preference.Preference
-keep public class * extends android.view.View
-keep public class com.android.vending.licensing.ILicensingService
-keep class android.support.** {*;}

-keepclasseswithmembernames class * {
    native <methods>;
}
-keepclassmembers class * extends android.app.Activity{
    public void *(android.view.View);
}
-keepclassmembers enum * {
    public static **[] values();
    public static ** valueOf(java.lang.String);
}
-keep public class * extends android.view.View{
    *** get*();
    void set*(***);
    public <init>(android.content.Context);
    public <init>(android.content.Context, android.util.AttributeSet);
    public <init>(android.content.Context, android.util.AttributeSet, int);
}
-keepclasseswithmembers class * {
    public <init>(android.content.Context, android.util.AttributeSet);
    public <init>(android.content.Context, android.util.AttributeSet, int);
}
-keep class * implements android.os.Parcelable {
  public static final android.os.Parcelable$Creator *;
}
-keepclassmembers class * implements java.io.Serializable {
    static final long serialVersionUID;
    private static final java.io.ObjectStreamField[] serialPersistentFields;
    private void writeObject(java.io.ObjectOutputStream);
    private void readObject(java.io.ObjectInputStream);
    java.lang.Object writeReplace();
    java.lang.Object readResolve();
}
-keep class **.R$* {
 *;
}
-keepclassmembers class * {
    void *(**On*Event);
}

#3D 地图
-keep class com.amap.api.mapcore.**{*;}
-keep class com.amap.api.maps.**{*;}
-keep class com.autonavi.amap.mapcore.*{*;}
#定位
-keep class com.amap.api.location.**{*;}
-keep class com.loc.**{*;}
-keep class com.amap.api.fence.**{*;}
-keep class com.autonavi.aps.amapapi.model.**{*;}
# 搜索
-keep class com.amap.api.services.**{*;}
# 2D地图
-keep class com.amap.api.maps2d.**{*;}
-keep class com.amap.api.mapcore2d.**{*;}

# 导航
-keep class com.amap.api.navi.**{*;}
-keep class com.autonavi.**{*;}
-keep class com.amap.apis.utils.core.crash.*{*;}

### greenDAO 3
-keepclassmembers class * extends org.greenrobot.greendao.AbstractDao {
public static java.lang.String TABLENAME;
}
# If you do not use SQLCipher:
-dontwarn org.greenrobot.greendao.database.**

-keep class **$Properties

# If you do not use RxJava:
-dontwarn rx.**

# 信鸽
-keep public class * extends android.app.Service
-keep public class * extends android.content.BroadcastReceiver
-keep class com.tencent.android.tpush.**  {* ;}
-keep class com.tencent.mid.** {* ;}
-keep class com.tencent.stat.**  {* ;}
-keep public class * extends com.qq.taf.jce.JceStruct{*;}

# 讯飞语音
-keep class com.iflytek.**{*;}
-keepattributes Signature

# 配置保存所有bean类
-keep class in.zhiwei.aqi.entity.**{*;}
-keep class in.zhiwei.aqi.network.res.**{*;}

#忽略警告
-ignorewarnings

#基线包使用，生成mapping.txt
-printmapping mapping.txt
#生成的mapping.txt在app/build/outputs/mapping/release路径下，移动到/app路径下
#修复后的项目使用，保证混淆结果一致，如果第一次生成base包的时候，app目录下是没有mapping.txt的，就要注释到下面这个，不然编译会报错
-applymapping mapping.txt
#hotfix
-keep class com.taobao.sophix.**{*;}
-keep class com.ta.utdid2.device.**{*;}
#防止inline
-dontoptimize
-keep class in.zhiwei.aqi.AQIApplication{*;}
-keepclassmembers class in.zhiwei.aqi.AQIApplication {
    public <init>();
}
# 如果不使用android.support.annotation.Keep则需加上此行
-keep class in.zhiwei.aqi.SophixStubApplication$RealApplicationStub