app/mapping.txt
in.zhiwei.aqi.AQIApplication -> in.zhiwei.aqi.AQIApplication:
    20:20:void <init>() -> <init>
    24:36:void onCreate() -> onCreate
in.zhiwei.aqi.AqiSophixApplication -> in.zhiwei.aqi.AqiSophixApplication:
    java.lang.String TAG -> a
    java.lang.String APP_ID -> b
    java.lang.String APP_SECRET -> c
    java.lang.String APP_RSA_KEY -> d
    24:28:void <init>() -> <init>
    38:42:void attachBaseContext(android.content.Context) -> attachBaseContext
    45:66:void initSophix() -> a
    59:65:void lambda$initSophix$0$AqiSophixApplication(int,int,java.lang.String,int) -> a
in.zhiwei.aqi.AqiSophixApplication$$Lambda$0 -> in.zhiwei.aqi.a:
    in.zhiwei.aqi.AqiSophixApplication arg$1 -> a
    void <init>(in.zhiwei.aqi.AqiSophixApplication) -> <init>
    void onLoad(int,int,java.lang.String,int) -> onLoad
in.zhiwei.aqi.AqiSophixApplication$RealApplicationStub -> in.zhiwei.aqi.AqiSophixApplication$RealApplicationStub:
    33:33:void <init>() -> <init>
in.zhiwei.aqi.R -> in.zhiwei.aqi.R:
in.zhiwei.aqi.R$anim -> in.zhiwei.aqi.R$anim:
    int abc_fade_in -> abc_fade_in
    int abc_fade_out -> abc_fade_out
    int abc_grow_fade_in_from_bottom -> abc_grow_fade_in_from_bottom
    int abc_popup_enter -> abc_popup_enter
    int abc_popup_exit -> abc_popup_exit
    int abc_shrink_fade_out_from_bottom -> abc_shrink_fade_out_from_bottom
    int abc_slide_in_bottom -> abc_slide_in_bottom
    int abc_slide_in_top -> abc_slide_in_top
    int abc_slide_out_bottom -> abc_slide_out_bottom
    int abc_slide_out_top -> abc_slide_out_top
    int abc_tooltip_enter -> abc_tooltip_enter
    int abc_tooltip_exit -> abc_tooltip_exit
    int about_scale_out -> about_scale_out
    int design_bottom_sheet_slide_in -> design_bottom_sheet_slide_in
    int design_bottom_sheet_slide_out -> design_bottom_sheet_slide_out
    int design_snackbar_in -> design_snackbar_in
    int design_snackbar_out -> design_snackbar_out
    int main_in -> main_in
    int main_out -> main_out
    int map_scale_out -> map_scale_out
    int map_trans_in -> map_trans_in
    11:11:void <init>() -> <init>
in.zhiwei.aqi.R$animator -> in.zhiwei.aqi.R$animator:
    int design_appbar_state_list_animator -> design_appbar_state_list_animator
    34:34:void <init>() -> <init>
in.zhiwei.aqi.R$attr -> in.zhiwei.aqi.R$attr:
    int actionBarDivider -> actionBarDivider
    int actionBarItemBackground -> actionBarItemBackground
    int actionBarPopupTheme -> actionBarPopupTheme
    int actionBarSize -> actionBarSize
    int actionBarSplitStyle -> actionBarSplitStyle
    int actionBarStyle -> actionBarStyle
    int actionBarTabBarStyle -> actionBarTabBarStyle
    int actionBarTabStyle -> actionBarTabStyle
    int actionBarTabTextStyle -> actionBarTabTextStyle
    int actionBarTheme -> actionBarTheme
    int actionBarWidgetTheme -> actionBarWidgetTheme
    int actionButtonStyle -> actionButtonStyle
    int actionDropDownStyle -> actionDropDownStyle
    int actionLayout -> actionLayout
    int actionMenuTextAppearance -> actionMenuTextAppearance
    int actionMenuTextColor -> actionMenuTextColor
    int actionModeBackground -> actionModeBackground
    int actionModeCloseButtonStyle -> actionModeCloseButtonStyle
    int actionModeCloseDrawable -> actionModeCloseDrawable
    int actionModeCopyDrawable -> actionModeCopyDrawable
    int actionModeCutDrawable -> actionModeCutDrawable
    int actionModeFindDrawable -> actionModeFindDrawable
    int actionModePasteDrawable -> actionModePasteDrawable
    int actionModePopupWindowStyle -> actionModePopupWindowStyle
    int actionModeSelectAllDrawable -> actionModeSelectAllDrawable
    int actionModeShareDrawable -> actionModeShareDrawable
    int actionModeSplitBackground -> actionModeSplitBackground
...
android.support.v4.R$styleable -> android.support.v4.R$styleable:
    int[] CoordinatorLayout -> CoordinatorLayout
    int CoordinatorLayout_keylines -> CoordinatorLayout_keylines
    int CoordinatorLayout_statusBarBackground -> CoordinatorLayout_statusBarBackground
    int[] CoordinatorLayout_Layout -> CoordinatorLayout_Layout
    int CoordinatorLayout_Layout_android_layout_gravity -> CoordinatorLayout_Layout_android_layout_gravity
    int CoordinatorLayout_Layout_layout_anchor -> CoordinatorLayout_Layout_layout_anchor
    int CoordinatorLayout_Layout_layout_anchorGravity -> CoordinatorLayout_Layout_layout_anchorGravity
    int CoordinatorLayout_Layout_layout_behavior -> CoordinatorLayout_Layout_layout_behavior
    int CoordinatorLayout_Layout_layout_dodgeInsetEdges -> CoordinatorLayout_Layout_layout_dodgeInsetEdges
    int CoordinatorLayout_Layout_layout_insetEdge -> CoordinatorLayout_Layout_layout_insetEdge
    int CoordinatorLayout_Layout_layout_keyline -> CoordinatorLayout_Layout_layout_keyline
    int[] FontFamily -> FontFamily
    int FontFamily_fontProviderAuthority -> FontFamily_fontProviderAuthority
    int FontFamily_fontProviderCerts -> FontFamily_fontProviderCerts
    int FontFamily_fontProviderFetchStrategy -> FontFamily_fontProviderFetchStrategy
    int FontFamily_fontProviderFetchTimeout -> FontFamily_fontProviderFetchTimeout
    int FontFamily_fontProviderPackage -> FontFamily_fontProviderPackage
android.support.v4.accessibilityservice.AccessibilityServiceInfoCompat -> android.support.v4.accessibilityservice.AccessibilityServiceInfoCompat:
    int CAPABILITY_CAN_RETRIEVE_WINDOW_CONTENT -> CAPABILITY_CAN_RETRIEVE_WINDOW_CONTENT
    int CAPABILITY_CAN_REQUEST_TOUCH_EXPLORATION -> CAPABILITY_CAN_REQUEST_TOUCH_EXPLORATION
    int CAPABILITY_CAN_REQUEST_ENHANCED_WEB_ACCESSIBILITY -> CAPABILITY_CAN_REQUEST_ENHANCED_WEB_ACCESSIBILITY
    int CAPABILITY_CAN_FILTER_KEY_EVENTS -> CAPABILITY_CAN_FILTER_KEY_EVENTS
    int FEEDBACK_BRAILLE -> FEEDBACK_BRAILLE
    int FEEDBACK_ALL_MASK -> FEEDBACK_ALL_MASK
    int FLAG_INCLUDE_NOT_IMPORTANT_VIEWS -> FLAG_INCLUDE_NOT_IMPORTANT_VIEWS
    int FLAG_REQUEST_TOUCH_EXPLORATION_MODE -> FLAG_REQUEST_TOUCH_EXPLORATION_MODE
    int FLAG_REQUEST_ENHANCED_WEB_ACCESSIBILITY -> FLAG_REQUEST_ENHANCED_WEB_ACCESSIBILITY
    int FLAG_REPORT_VIEW_IDS -> FLAG_REPORT_VIEW_IDS
    int FLAG_REQUEST_FILTER_KEY_EVENTS -> FLAG_REQUEST_FILTER_KEY_EVENTS
    180:180:void <init>() -> <init>
    196:200:java.lang.String loadDescription(android.accessibilityservice.AccessibilityServiceInfo,android.content.pm.PackageManager) -> loadDescription
    214:241:java.lang.String feedbackTypeToString(int) -> feedbackTypeToString
    254:268:java.lang.String flagToString(int) -> flagToString
    285:292:int getCapabilities(android.accessibilityservice.AccessibilityServiceInfo) -> getCapabilities
    306:316:java.lang.String capabilityToString(int) -> capabilityToString